2025-05-07T11:04:43 | touched: src/main.rs
2025-11-22T14:15:51 | touched: src/main.rs
2025-05-29T15:52:57 | touched: src/main.rs
2025-04-09T23:05:41 | touched: README.md
2025-03-08T22:56:49 | touched: src/main.rs
2025-03-14T17:08:24 | touched: Cargo.toml
2025-10-04T04:19:01 | touched: src/lib.rs
2025-05-26T03:37:14 | touched: Cargo.toml
2025-05-15T04:29:16 | touched: LICENSE
2025-08-22T02:01:41 | touched: src/lib.rs
2025-07-11T21:29:00 | touched: src/main.rs
2025-03-08T19:18:53 | touched: README.md
2025-03-14T17:55:31 | touched: src/lib.rs
2025-10-09T04:24:27 | touched: LICENSE
2025-03-02T08:36:26 | touched: README.md
2025-08-15T17:35:54 | touched: Cargo.toml
2025-11-17T02:34:38 | touched: src/main.rs
2025-11-05T08:28:25 | touched: src/lib.rs
2025-02-04T11:19:38 | touched: LICENSE
2025-03-27T17:57:10 | touched: src/lib.rs
2025-12-20T03:32:32 | touched: src/lib.rs
2025-02-25T06:43:57 | touched: src/main.rs
2025-03-10T18:21:53 | touched: Cargo.toml
2025-11-02T10:22:32 | touched: src/main.rs
2025-04-09T12:11:48 | touched: src/lib.rs
2025-07-09T06:38:13 | touched: Cargo.toml
2025-06-07T10:56:49 | touched: Cargo.toml
2025-08-02T18:34:27 | touched: Cargo.toml
2025-09-07T16:11:20 | touched: README.md
2025-11-17T21:05:05 | touched: README.md
2025-01-04T00:02:38 | touched: LICENSE
2025-05-09T12:50:21 | touched: src/main.rs
2025-05-21T14:12:14 | touched: README.md
2025-10-08T00:39:56 | touched: README.md
2025-06-16T11:09:41 | touched: src/lib.rs
2025-01-18T10:51:57 | touched: src/lib.rs
2025-02-23T21:15:27 | touched: LICENSE
2025-08-04T03:48:27 | touched: LICENSE
2025-05-05T01:24:13 | touched: src/main.rs
2025-11-22T15:08:46 | touched: README.md
2025-07-09T01:20:05 | touched: LICENSE
2025-10-09T02:19:40 | touched: LICENSE
2025-05-30T12:54:42 | touched: src/main.rs
2025-09-29T23:06:04 | touched: Cargo.toml
2026-01-17T01:54:14 | touched: src/lib.rs
2025-10-11T12:33:31 | touched: LICENSE
